<?xml version="1.0" encoding="UTF-8"?>
<!-- Generated by org.testng.reporters.JUnitReportReporter -->
<testsuite hostname="DESKTOP-UTISVID" failures="0" tests="6" name="api.test.DDTests" time="9.423" errors="0" timestamp="2023-03-31T11:09:53 IST" skipped="0">
  <testcase classname="api.test.DDTests" name="testPostUser" time="1.557"/>
  <system-out/>
  <testcase classname="api.test.DDTests" name="testPostUser" time="1.573"/>
  <system-out/>
  <testcase classname="api.test.DDTests" name="testPostUser" time="1.554"/>
  <system-out/>
  <testcase classname="api.test.DDTests" name="testDeleteUserByName" time="1.521"/>
  <system-out/>
  <testcase classname="api.test.DDTests" name="testDeleteUserByName" time="1.542"/>
  <system-out/>
  <testcase classname="api.test.DDTests" name="testDeleteUserByName" time="1.676"/>
  <system-out/>
</testsuite> <!-- api.test.DDTests -->
