<?xml version="1.0" encoding="UTF-8"?>
<!-- Generated by org.testng.reporters.JUnitReportReporter -->
<testsuite hostname="DESKTOP-UTISVID" failures="0" tests="4" name="api.test.UserTests2" time="9.944" errors="0" timestamp="2023-03-31T11:31:09 IST" skipped="0">
  <testcase classname="api.test.UserTests2" name="testPostUser" time="3.702"/>
  <system-out/>
  <testcase classname="api.test.UserTests2" name="testGetUserByName" time="1.597"/>
  <system-out/>
  <testcase classname="api.test.UserTests2" name="testUpdateUserByName" time="3.109"/>
  <system-out/>
  <testcase classname="api.test.UserTests2" name="testDeleteUserByName" time="1.536"/>
  <system-out/>
</testsuite> <!-- api.test.UserTests2 -->
