<?xml version="1.0" encoding="UTF-8"?>
<!-- Generated by org.testng.reporters.JUnitReportReporter -->
<testsuite hostname="DESKTOP-UTISVID" failures="0" tests="4" name="api.test.UserTests" time="10.495" errors="0" timestamp="2023-03-31T11:09:52 IST" skipped="0">
  <testcase classname="api.test.UserTests" name="testPostUser" time="3.946"/>
  <system-out/>
  <testcase classname="api.test.UserTests" name="testGetUserByName" time="1.719"/>
  <system-out/>
  <testcase classname="api.test.UserTests" name="testUpdateUserByName" time="3.147"/>
  <system-out/>
  <testcase classname="api.test.UserTests" name="testDeleteUserByName" time="1.683"/>
  <system-out/>
</testsuite> <!-- api.test.UserTests -->
