<?xml version="1.0" encoding="UTF-8"?>
<!-- Generated by org.testng.reporters.JUnitReportReporter -->
<testsuite hostname="DESKTOP-UTISVID" failures="0" tests="4" name="api.test.UserTests2" time="10.271" errors="0" timestamp="2023-03-31T12:41:21 IST" skipped="0">
  <testcase classname="api.test.UserTests2" name="testPostUser" time="3.974"/>
  <system-out/>
  <testcase classname="api.test.UserTests2" name="testGetUserByName" time="1.583"/>
  <system-out/>
  <testcase classname="api.test.UserTests2" name="testUpdateUserByName" time="3.156"/>
  <system-out/>
  <testcase classname="api.test.UserTests2" name="testDeleteUserByName" time="1.558"/>
  <system-out/>
</testsuite> <!-- api.test.UserTests2 -->
